
--------------------------------------------------
TXLib предупреждает:

Программа: C:\Users\user\Documents\GitHub\quadratka\quadratka\bin\Debug\quadratka.exe,

ВНЕЗАПНО: Нарушение доступа к памяти.

#1: Исключение EXCEPTION_ACCESS_VIOLATION (0xC0000005) при выполнении кода по адресу 0x76842779 в функции $I10_OUTPUT(). Попытка записать данные по адресу NULL в модуле C:\Windows\System32\msvcrt.dll. Спасибо _txVectoredExceptionHandler(), что сообщил. Люблю его <3

#1: TXLib [Ver: 00173a, Rev: 173, Date: 2024-06-23 22:37:05 +0400], Instance: 0x005052FC (32-bit), Flags: Cmdre0, Thread: 0x61AC (Main). 

--------------------------------------------------
Стек вызовов:

# 0 0x76842779 in C:\Windows\System32\msvcrt.dll: $I10_OUTPUT()
# 1 0x7682FE50 in C:\Windows\System32\msvcrt.dll: ungetwc()
# 2 0x76825097 in C:\Windows\System32\msvcrt.dll: scanf()
# 3 0x76825038 in C:\Windows\System32\msvcrt.dll: scanf()

# 4 0x0042C28A in C:\Users\user\Documents\GitHub\quadratka\quadratka\bin\Debug\quadratka.exe: main() at C:/Users/user/Documents/GitHub/quadratka/quadratka/main.c (13):

     11: 
     12:     printf("Для решения уравнения вида ax^2+bx+c=0 введите коэффициенты a, b и c:");
=>   13:     scanf("%f %f %f", a_coef, b_coef, c_coef);
     14: 
     15:     solve_equation(a_coef, b_coef, c_coef);

--------------------------------------------------
Developed with:

The Dumb Artist Library (TX Library)
TXLib [Ver: 00173a, Rev: 173, Date: 2024-06-23 22:37:05 +0400]
Copyright (C) Ded (Ilya Dedinsky, http://txlib.ru) <mail@txlib.ru>
See license on: http://txlib.ru

TXLib file:	c:\codeblocks\codeblocks\mingw\include\txlib.h
Compiled:	Aug 14 2024 19:01:56, GNU g++ 4.8.1, std=201103L, MinGW Runtime 3.20, 32-bit, DEBUG
Started:	Aug 14 2024 19:02:02

Run file:	C:\Users\user\Documents\GitHub\quadratka\quadratka\bin\Debug\quadratka.exe
Directory:	C:\Users\user\Documents\GitHub\quadratka\quadratka

--------------------------------------------------

--------------------------------------------------
TXLib соболезнует...

Программа: C:\Users\user\Documents\GitHub\quadratka\quadratka\bin\Debug\quadratka.exe,

ВНЕЗАПНО: signal (11, 0x00): SIGSEGV: Доступ по неверному указателю. Ставьте ассерты! 

Нарушение доступа к памяти.

#1: Исключение EXCEPTION_ACCESS_VIOLATION (0xC0000005) при выполнении кода по адресу 0x76842779 в функции $I10_OUTPUT(). Попытка записать данные по адресу NULL в модуле C:\Windows\System32\msvcrt.dll. Спасибо _txVectoredExceptionHandler(), что сообщил. Люблю его <3

С помощью функции signal() вы можете сами обработать эту ошибку.

#2: TXLib [Ver: 00173a, Rev: 173, Date: 2024-06-23 22:37:05 +0400], Instance: 0x005052FC (32-bit), Flags: Cmdre0, Thread: 0x61AC (Main). 

--------------------------------------------------
Стек вызовов:

# 0 0x76842779 in C:\Windows\System32\msvcrt.dll: $I10_OUTPUT()
# 1 0x7682FE50 in C:\Windows\System32\msvcrt.dll: ungetwc()
# 2 0x76825097 in C:\Windows\System32\msvcrt.dll: scanf()
# 3 0x76825038 in C:\Windows\System32\msvcrt.dll: scanf()

# 4 0x0042C28A in C:\Users\user\Documents\GitHub\quadratka\quadratka\bin\Debug\quadratka.exe: main() at C:/Users/user/Documents/GitHub/quadratka/quadratka/main.c (13):

     11: 
     12:     printf("Для решения уравнения вида ax^2+bx+c=0 введите коэффициенты a, b и c:");
=>   13:     scanf("%f %f %f", a_coef, b_coef, c_coef);
     14: 
     15:     solve_equation(a_coef, b_coef, c_coef);

--------------------------------------------------
Developed with:

The Dumb Artist Library (TX Library)
TXLib [Ver: 00173a, Rev: 173, Date: 2024-06-23 22:37:05 +0400]
Copyright (C) Ded (Ilya Dedinsky, http://txlib.ru) <mail@txlib.ru>
See license on: http://txlib.ru

TXLib file:	c:\codeblocks\codeblocks\mingw\include\txlib.h
Compiled:	Aug 14 2024 19:01:56, GNU g++ 4.8.1, std=201103L, MinGW Runtime 3.20, 32-bit, DEBUG
Started:	Aug 14 2024 19:02:02

Run file:	C:\Users\user\Documents\GitHub\quadratka\quadratka\bin\Debug\quadratka.exe
Directory:	C:\Users\user\Documents\GitHub\quadratka\quadratka

--------------------------------------------------

--------------------------------------------------
TXLib предупреждает:

Программа: C:\Users\user\Documents\GitHub\quadratka\quadratka\bin\Debug\quadratka.exe,

ВНЕЗАПНО: Нарушение доступа к памяти.

#1: Исключение EXCEPTION_ACCESS_VIOLATION (0xC0000005) при выполнении кода по адресу 0x76842760 в функции $I10_OUTPUT(). Попытка записать данные по адресу 0x00000008 в модуле C:\Windows\System32\msvcrt.dll. Спасибо _txVectoredExceptionHandler(), что сообщил. Люблю его <3

#1: TXLib [Ver: 00173a, Rev: 173, Date: 2024-06-23 22:37:05 +0400], Instance: 0x005052FC (32-bit), Flags: Cmdre0, Thread: 0x60FC (Main). 

--------------------------------------------------
Стек вызовов:

# 0 0x76842760 in C:\Windows\System32\msvcrt.dll: $I10_OUTPUT()
# 1 0x7682FE50 in C:\Windows\System32\msvcrt.dll: ungetwc()
# 2 0x76825097 in C:\Windows\System32\msvcrt.dll: scanf()
# 3 0x76825038 in C:\Windows\System32\msvcrt.dll: scanf()

# 4 0x0042C288 in C:\Users\user\Documents\GitHub\quadratka\quadratka\bin\Debug\quadratka.exe: main() at C:/Users/user/Documents/GitHub/quadratka/quadratka/main.c (13):

     11: 
     12:     printf("Для решения уравнения вида ax^2+bx+c=0 введите коэффициенты a, b и c:");
=>   13:     scanf("%lf %lf %lf", a_coef, b_coef, c_coef);
     14: 
     15:     solve_equation(a_coef, b_coef, c_coef);

--------------------------------------------------
Developed with:

The Dumb Artist Library (TX Library)
TXLib [Ver: 00173a, Rev: 173, Date: 2024-06-23 22:37:05 +0400]
Copyright (C) Ded (Ilya Dedinsky, http://txlib.ru) <mail@txlib.ru>
See license on: http://txlib.ru

TXLib file:	c:\codeblocks\codeblocks\mingw\include\txlib.h
Compiled:	Aug 14 2024 19:08:43, GNU g++ 4.8.1, std=201103L, MinGW Runtime 3.20, 32-bit, DEBUG
Started:	Aug 14 2024 19:08:49

Run file:	C:\Users\user\Documents\GitHub\quadratka\quadratka\bin\Debug\quadratka.exe
Directory:	C:\Users\user\Documents\GitHub\quadratka\quadratka

--------------------------------------------------

--------------------------------------------------
TXLib соболезнует...

Программа: C:\Users\user\Documents\GitHub\quadratka\quadratka\bin\Debug\quadratka.exe,

ВНЕЗАПНО: signal (11, 0x00): SIGSEGV: Доступ по неверному указателю. Ставьте ассерты! 

Нарушение доступа к памяти.

#1: Исключение EXCEPTION_ACCESS_VIOLATION (0xC0000005) при выполнении кода по адресу 0x76842760 в функции $I10_OUTPUT(). Попытка записать данные по адресу 0x00000008 в модуле C:\Windows\System32\msvcrt.dll. Спасибо _txVectoredExceptionHandler(), что сообщил. Люблю его <3

С помощью функции signal() вы можете сами обработать эту ошибку.

#2: TXLib [Ver: 00173a, Rev: 173, Date: 2024-06-23 22:37:05 +0400], Instance: 0x005052FC (32-bit), Flags: Cmdre0, Thread: 0x60FC (Main). 

--------------------------------------------------
Стек вызовов:

# 0 0x76842760 in C:\Windows\System32\msvcrt.dll: $I10_OUTPUT()
# 1 0x7682FE50 in C:\Windows\System32\msvcrt.dll: ungetwc()
# 2 0x76825097 in C:\Windows\System32\msvcrt.dll: scanf()
# 3 0x76825038 in C:\Windows\System32\msvcrt.dll: scanf()

# 4 0x0042C288 in C:\Users\user\Documents\GitHub\quadratka\quadratka\bin\Debug\quadratka.exe: main() at C:/Users/user/Documents/GitHub/quadratka/quadratka/main.c (13):

     11: 
     12:     printf("Для решения уравнения вида ax^2+bx+c=0 введите коэффициенты a, b и c:");
=>   13:     scanf("%lf %lf %lf", a_coef, b_coef, c_coef);
     14: 
     15:     solve_equation(a_coef, b_coef, c_coef);

--------------------------------------------------
Developed with:

The Dumb Artist Library (TX Library)
TXLib [Ver: 00173a, Rev: 173, Date: 2024-06-23 22:37:05 +0400]
Copyright (C) Ded (Ilya Dedinsky, http://txlib.ru) <mail@txlib.ru>
See license on: http://txlib.ru

TXLib file:	c:\codeblocks\codeblocks\mingw\include\txlib.h
Compiled:	Aug 14 2024 19:08:43, GNU g++ 4.8.1, std=201103L, MinGW Runtime 3.20, 32-bit, DEBUG
Started:	Aug 14 2024 19:08:49

Run file:	C:\Users\user\Documents\GitHub\quadratka\quadratka\bin\Debug\quadratka.exe
Directory:	C:\Users\user\Documents\GitHub\quadratka\quadratka

--------------------------------------------------
